d:\dario\dha\dha5x5_stte_r857_mod\dha5x5_stte_srcs_r857\debug\dha5x5_stte.bsc
d:\dario\dha\dha5x5_stte_r857_mod\dha5x5_stte_srcs_r857\debug\dha5x5_stte.pch
d:\dario\dha\dha5x5_stte_r857_mod\dha5x5_stte_srcs_r857\debug\vc142.pdb
d:\dario\dha\dha5x5_stte_r857_mod\dha5x5_stte_srcs_r857\debug\vc142.idb
d:\dario\dha\dha5x5_stte_r857_mod\dha5x5_stte_srcs_r857\debug\stdafx.sbr
d:\dario\dha\dha5x5_stte_r857_mod\dha5x5_stte_srcs_r857\debug\stdafx.obj
d:\dario\dha\dha5x5_stte_r857_mod\dha5x5_stte_srcs_r857\debug\thrd.sbr
d:\dario\dha\dha5x5_stte_r857_mod\dha5x5_stte_srcs_r857\debug\stteconfigdlg.sbr
d:\dario\dha\dha5x5_stte_r857_mod\dha5x5_stte_srcs_r857\debug\statuslistctrl.sbr
d:\dario\dha\dha5x5_stte_r857_mod\dha5x5_stte_srcs_r857\debug\smartstatic.sbr
d:\dario\dha\dha5x5_stte_r857_mod\dha5x5_stte_srcs_r857\debug\smartlistctrl.sbr
d:\dario\dha\dha5x5_stte_r857_mod\dha5x5_stte_srcs_r857\debug\selectunitdlg.sbr
d:\dario\dha\dha5x5_stte_r857_mod\dha5x5_stte_srcs_r857\debug\mmdlg.sbr
d:\dario\dha\dha5x5_stte_r857_mod\dha5x5_stte_srcs_r857\debug\maintmpp.sbr
d:\dario\dha\dha5x5_stte_r857_mod\dha5x5_stte_srcs_r857\debug\maintdlg.sbr
d:\dario\dha\dha5x5_stte_r857_mod\dha5x5_stte_srcs_r857\debug\loaderdlg.sbr
d:\dario\dha\dha5x5_stte_r857_mod\dha5x5_stte_srcs_r857\debug\inifilemng.sbr
d:\dario\dha\dha5x5_stte_r857_mod\dha5x5_stte_srcs_r857\debug\ini.sbr
d:\dario\dha\dha5x5_stte_r857_mod\dha5x5_stte_srcs_r857\debug\generatebrtdlg.sbr
d:\dario\dha\dha5x5_stte_r857_mod\dha5x5_stte_srcs_r857\debug\fmt_wnd.sbr
d:\dario\dha\dha5x5_stte_r857_mod\dha5x5_stte_srcs_r857\debug\fmt_tracectrl.sbr
d:\dario\dha\dha5x5_stte_r857_mod\dha5x5_stte_srcs_r857\debug\fmt_dib.sbr
d:\dario\dha\dha5x5_stte_r857_mod\dha5x5_stte_srcs_r857\debug\enhmaintdlg.sbr
d:\dario\dha\dha5x5_stte_r857_mod\dha5x5_stte_srcs_r857\debug\editipdlg.sbr
d:\dario\dha\dha5x5_stte_r857_mod\dha5x5_stte_srcs_r857\debug\dhasttedevice.sbr
d:\dario\dha\dha5x5_stte_r857_mod\dha5x5_stte_srcs_r857\debug\dha5x5_sttedlg.sbr
d:\dario\dha\dha5x5_stte_r857_mod\dha5x5_stte_srcs_r857\debug\dha5x5_sttedlg.obj
d:\dario\dha\dha5x5_stte_r857_mod\dha5x5_stte_srcs_r857\debug\dhasttedevice.obj
d:\dario\dha\dha5x5_stte_r857_mod\dha5x5_stte_srcs_r857\debug\editipdlg.obj
d:\dario\dha\dha5x5_stte_r857_mod\dha5x5_stte_srcs_r857\debug\enhmaintdlg.obj
d:\dario\dha\dha5x5_stte_r857_mod\dha5x5_stte_srcs_r857\debug\fmt_dib.obj
d:\dario\dha\dha5x5_stte_r857_mod\dha5x5_stte_srcs_r857\debug\fmt_tracectrl.obj
d:\dario\dha\dha5x5_stte_r857_mod\dha5x5_stte_srcs_r857\debug\fmt_wnd.obj
d:\dario\dha\dha5x5_stte_r857_mod\dha5x5_stte_srcs_r857\debug\generatebrtdlg.obj
d:\dario\dha\dha5x5_stte_r857_mod\dha5x5_stte_srcs_r857\debug\ini.obj
d:\dario\dha\dha5x5_stte_r857_mod\dha5x5_stte_srcs_r857\debug\inifilemng.obj
d:\dario\dha\dha5x5_stte_r857_mod\dha5x5_stte_srcs_r857\debug\loaderdlg.obj
d:\dario\dha\dha5x5_stte_r857_mod\dha5x5_stte_srcs_r857\debug\maintdlg.obj
d:\dario\dha\dha5x5_stte_r857_mod\dha5x5_stte_srcs_r857\debug\maintmpp.obj
d:\dario\dha\dha5x5_stte_r857_mod\dha5x5_stte_srcs_r857\debug\mmdlg.obj
d:\dario\dha\dha5x5_stte_r857_mod\dha5x5_stte_srcs_r857\debug\selectunitdlg.obj
d:\dario\dha\dha5x5_stte_r857_mod\dha5x5_stte_srcs_r857\debug\smartlistctrl.obj
d:\dario\dha\dha5x5_stte_r857_mod\dha5x5_stte_srcs_r857\debug\smartstatic.obj
d:\dario\dha\dha5x5_stte_r857_mod\dha5x5_stte_srcs_r857\debug\statuslistctrl.obj
d:\dario\dha\dha5x5_stte_r857_mod\dha5x5_stte_srcs_r857\debug\stteconfigdlg.obj
d:\dario\dha\dha5x5_stte_r857_mod\dha5x5_stte_srcs_r857\debug\thrd.obj
d:\dario\dha\dha5x5_stte_r857_mod\dha5x5_stte_srcs_r857\debug\dha5x5_stte.sbr
d:\dario\dha\dha5x5_stte_r857_mod\dha5x5_stte_srcs_r857\debug\cremoteprocess.sbr
d:\dario\dha\dha5x5_stte_r857_mod\dha5x5_stte_srcs_r857\debug\cremotepanel.sbr
d:\dario\dha\dha5x5_stte_r857_mod\dha5x5_stte_srcs_r857\debug\comdlg.sbr
d:\dario\dha\dha5x5_stte_r857_mod\dha5x5_stte_srcs_r857\debug\cnffile.sbr
d:\dario\dha\dha5x5_stte_r857_mod\dha5x5_stte_srcs_r857\debug\clienttcpmng.sbr
d:\dario\dha\dha5x5_stte_r857_mod\dha5x5_stte_srcs_r857\debug\btlfile.sbr
d:\dario\dha\dha5x5_stte_r857_mod\dha5x5_stte_srcs_r857\debug\brtfbkcalibdlg.sbr
d:\dario\dha\dha5x5_stte_r857_mod\dha5x5_stte_srcs_r857\debug\brtdlg.sbr
d:\dario\dha\dha5x5_stte_r857_mod\dha5x5_stte_srcs_r857\debug\brtbuilderdlg.sbr
d:\dario\dha\dha5x5_stte_r857_mod\dha5x5_stte_srcs_r857\debug\brtbuilderdlg.obj
d:\dario\dha\dha5x5_stte_r857_mod\dha5x5_stte_srcs_r857\debug\brtdlg.obj
d:\dario\dha\dha5x5_stte_r857_mod\dha5x5_stte_srcs_r857\debug\brtfbkcalibdlg.obj
d:\dario\dha\dha5x5_stte_r857_mod\dha5x5_stte_srcs_r857\debug\btlfile.obj
d:\dario\dha\dha5x5_stte_r857_mod\dha5x5_stte_srcs_r857\debug\clienttcpmng.obj
d:\dario\dha\dha5x5_stte_r857_mod\dha5x5_stte_srcs_r857\debug\cnffile.obj
d:\dario\dha\dha5x5_stte_r857_mod\dha5x5_stte_srcs_r857\debug\comdlg.obj
d:\dario\dha\dha5x5_stte_r857_mod\dha5x5_stte_srcs_r857\debug\cremotepanel.obj
d:\dario\dha\dha5x5_stte_r857_mod\dha5x5_stte_srcs_r857\debug\cremoteprocess.obj
d:\dario\dha\dha5x5_stte_r857_mod\dha5x5_stte_srcs_r857\debug\dha5x5_stte.obj
d:\dario\dha\dha5x5_stte_r857_mod\dha5x5_stte_srcs_r857\debug\dha5x5_stte.ilk
d:\dario\dha\dha5x5_stte_r857_mod\dha5x5_stte_srcs_r857\debug\dha5x5_stte.exe
d:\dario\dha\dha5x5_stte_r857_mod\dha5x5_stte_srcs_r857\debug\dha5x5_stte.pdb
d:\dario\dha\dha5x5_stte_r857_mod\dha5x5_stte_srcs_r857\debug\dha5x5_stte.res
d:\dario\dha\dha5x5_stte_r857_mod\dha5x5_stte_srcs_r857\debug\dha5x5_stte.tlog\bscmake.command.1.tlog
d:\dario\dha\dha5x5_stte_r857_mod\dha5x5_stte_srcs_r857\debug\dha5x5_stte.tlog\bscmake.read.1.tlog
d:\dario\dha\dha5x5_stte_r857_mod\dha5x5_stte_srcs_r857\debug\dha5x5_stte.tlog\bscmake.write.1.tlog
d:\dario\dha\dha5x5_stte_r857_mod\dha5x5_stte_srcs_r857\debug\dha5x5_stte.tlog\cl.command.1.tlog
d:\dario\dha\dha5x5_stte_r857_mod\dha5x5_stte_srcs_r857\debug\dha5x5_stte.tlog\cl.read.1.tlog
d:\dario\dha\dha5x5_stte_r857_mod\dha5x5_stte_srcs_r857\debug\dha5x5_stte.tlog\cl.write.1.tlog
d:\dario\dha\dha5x5_stte_r857_mod\dha5x5_stte_srcs_r857\debug\dha5x5_stte.tlog\link.command.1.tlog
d:\dario\dha\dha5x5_stte_r857_mod\dha5x5_stte_srcs_r857\debug\dha5x5_stte.tlog\link.read.1.tlog
d:\dario\dha\dha5x5_stte_r857_mod\dha5x5_stte_srcs_r857\debug\dha5x5_stte.tlog\link.write.1.tlog
d:\dario\dha\dha5x5_stte_r857_mod\dha5x5_stte_srcs_r857\debug\dha5x5_stte.tlog\rc.command.1.tlog
d:\dario\dha\dha5x5_stte_r857_mod\dha5x5_stte_srcs_r857\debug\dha5x5_stte.tlog\rc.read.1.tlog
d:\dario\dha\dha5x5_stte_r857_mod\dha5x5_stte_srcs_r857\debug\dha5x5_stte.tlog\rc.write.1.tlog
