d:\dario\dha\dha5x5_stte_r857\release\vc142.pdb
d:\dario\dha\dha5x5_stte_r857\release\selectunitdlg.obj
d:\dario\dha\dha5x5_stte_r857\release\mmdlg.obj
d:\dario\dha\dha5x5_stte_r857\release\maintmpp.obj
d:\dario\dha\dha5x5_stte_r857\release\maintdlg.obj
d:\dario\dha\dha5x5_stte_r857\release\loaderdlg.obj
d:\dario\dha\dha5x5_stte_r857\release\generatebrtdlg.obj
d:\dario\dha\dha5x5_stte_r857\release\fmt_wnd.obj
d:\dario\dha\dha5x5_stte_r857\release\fmt_tracectrl.obj
d:\dario\dha\dha5x5_stte_r857\release\fmt_dib.obj
d:\dario\dha\dha5x5_stte_r857\release\enhmaintdlg.obj
d:\dario\dha\dha5x5_stte_r857\release\editipdlg.obj
d:\dario\dha\dha5x5_stte_r857\release\dhasttedevice.obj
d:\dario\dha\dha5x5_stte_r857\release\dha5x5_sttedlg.obj
d:\dario\dha\dha5x5_stte_r857\release\dha5x5_stte.obj
d:\dario\dha\dha5x5_stte_r857\release\comdlg.obj
d:\dario\dha\dha5x5_stte_r857\release\cnffile.obj
d:\dario\dha\dha5x5_stte_r857\release\btlfile.obj
d:\dario\dha\dha5x5_stte_r857\release\brtfbkcalibdlg.obj
d:\dario\dha\dha5x5_stte_r857\release\brtdlg.obj
d:\dario\dha\dha5x5_stte_r857\release\brtbuilderdlg.obj
d:\dario\dha\dha5x5_stte_r857\release\stteconfigdlg.obj
d:\dario\dha\dha5x5_stte_r857\release\statuslistctrl.obj
d:\dario\dha\dha5x5_stte_r857\release\smartstatic.obj
d:\dario\dha\dha5x5_stte_r857\release\smartlistctrl.obj
d:\dario\dha\dha5x5_stte_r857\release\dha5x5_stte.pch
d:\dario\dha\dha5x5_stte_r857\release\stdafx.obj
d:\dario\dha\dha5x5_stte_r857\release\inifilemng.obj
d:\dario\dha\dha5x5_stte_r857\release\ini.obj
d:\dario\dha\dha5x5_stte_r857\release\cremoteprocess.obj
d:\dario\dha\dha5x5_stte_r857\release\cremotepanel.obj
d:\dario\dha\dha5x5_stte_r857\release\clienttcpmng.obj
d:\dario\dha\dha5x5_stte_r857\release\thrd.obj
d:\dario\dha\dha5x5_stte_r857\release\dha5x5_stte.exe
d:\dario\dha\dha5x5_stte_r857\release\dha5x5_stte.pdb
d:\dario\dha\dha5x5_stte_r857\release\dha5x5_stte.res
d:\dario\dha\dha5x5_stte_r857\release\dha5x5_stte.tlog\cl.command.1.tlog
d:\dario\dha\dha5x5_stte_r857\release\dha5x5_stte.tlog\cl.read.1.tlog
d:\dario\dha\dha5x5_stte_r857\release\dha5x5_stte.tlog\cl.write.1.tlog
d:\dario\dha\dha5x5_stte_r857\release\dha5x5_stte.tlog\link.command.1.tlog
d:\dario\dha\dha5x5_stte_r857\release\dha5x5_stte.tlog\link.read.1.tlog
d:\dario\dha\dha5x5_stte_r857\release\dha5x5_stte.tlog\link.write.1.tlog
d:\dario\dha\dha5x5_stte_r857\release\dha5x5_stte.tlog\rc.command.1.tlog
d:\dario\dha\dha5x5_stte_r857\release\dha5x5_stte.tlog\rc.read.1.tlog
d:\dario\dha\dha5x5_stte_r857\release\dha5x5_stte.tlog\rc.write.1.tlog
